<?xml version="1.0" encoding="UTF-8"?>
<testng-results ignored="0" total="3" passed="3" failed="0" skipped="0">
  <reporter-output>
  </reporter-output>
  <suite started-at="2024-01-31T17:41:07 IST" name="Default suite" finished-at="2024-01-31T17:42:50 IST" duration-ms="103492">
    <groups>
      <group name="cucumber">
        <method signature="AbstractTestNGCucumberTests.runScenario(io.cucumber.testng.PickleWrapper,io.cucumber.testng.FeatureWrapper)[pri:0, instance:com.org.projects.CucumberMobile.Runner.TestNGTestRunner@6d9f7a80]" name="runScenario" class="io.cucumber.testng.AbstractTestNGCucumberTests"/>
      </group> <!-- cucumber -->
    </groups>
    <test started-at="2024-01-31T17:41:07 IST" name="Default test" finished-at="2024-01-31T17:42:50 IST" duration-ms="103492">
      <class name="com.org.projects.CucumberMobile.Runner.TestNGTestRunner">
        <test-method is-config="true" signature="setUpClass(org.testng.ITestContext)[pri:0, instance:com.org.projects.CucumberMobile.Runner.TestNGTestRunner@6d9f7a80]" started-at="2024-01-31T17:41:07 IST" name="setUpClass" finished-at="2024-01-31T17:41:15 IST" duration-ms="8531" status="PASS">
          <params>
            <param index="0">
              <value>
                <![CDATA[org.testng.TestRunner@5981f2c6]]>
              </value>
            </param>
          </params>
          <reporter-output>
          </reporter-output>
        </test-method> <!-- setUpClass -->
        <test-method signature="runScenario(io.cucumber.testng.PickleWrapper,io.cucumber.testng.FeatureWrapper)[pri:0, instance:com.org.projects.CucumberMobile.Runner.TestNGTestRunner@6d9f7a80]" started-at="2024-01-31T17:41:15 IST" name="runScenario" description="Runs Cucumber Scenarios" data-provider="scenarios" finished-at="2024-01-31T17:41:40 IST" duration-ms="24394" status="PASS">
          <params>
            <param index="0">
              <value>
                <![CDATA["Add List"]]>
              </value>
            </param>
            <param index="1">
              <value>
                <![CDATA["Add/Update/Delete List feature"]]>
              </value>
            </param>
          </params>
          <reporter-output>
          </reporter-output>
        </test-method> <!-- runScenario -->
        <test-method signature="runScenario(io.cucumber.testng.PickleWrapper,io.cucumber.testng.FeatureWrapper)[pri:0, instance:com.org.projects.CucumberMobile.Runner.TestNGTestRunner@6d9f7a80]" started-at="2024-01-31T17:41:40 IST" name="runScenario" description="Runs Cucumber Scenarios" data-provider="scenarios" finished-at="2024-01-31T17:42:21 IST" duration-ms="41488" status="PASS">
          <params>
            <param index="0">
              <value>
                <![CDATA["Edit List"]]>
              </value>
            </param>
            <param index="1">
              <value>
                <![CDATA["Add/Update/Delete List feature"]]>
              </value>
            </param>
          </params>
          <reporter-output>
          </reporter-output>
        </test-method> <!-- runScenario -->
        <test-method signature="runScenario(io.cucumber.testng.PickleWrapper,io.cucumber.testng.FeatureWrapper)[pri:0, instance:com.org.projects.CucumberMobile.Runner.TestNGTestRunner@6d9f7a80]" started-at="2024-01-31T17:42:21 IST" name="runScenario" description="Runs Cucumber Scenarios" data-provider="scenarios" finished-at="2024-01-31T17:42:49 IST" duration-ms="27886" status="PASS">
          <params>
            <param index="0">
              <value>
                <![CDATA["Delete List"]]>
              </value>
            </param>
            <param index="1">
              <value>
                <![CDATA["Add/Update/Delete List feature"]]>
              </value>
            </param>
          </params>
          <reporter-output>
          </reporter-output>
        </test-method> <!-- runScenario -->
        <test-method is-config="true" signature="tearDownClass()[pri:0, instance:com.org.projects.CucumberMobile.Runner.TestNGTestRunner@6d9f7a80]" started-at="2024-01-31T17:42:49 IST" name="tearDownClass" finished-at="2024-01-31T17:42:50 IST" duration-ms="1121" status="PASS">
          <reporter-output>
          </reporter-output>
        </test-method> <!-- tearDownClass -->
      </class> <!-- com.org.projects.CucumberMobile.Runner.TestNGTestRunner -->
    </test> <!-- Default test -->
  </suite> <!-- Default suite -->
</testng-results>
